<testsuite name="generic_mule_esb-test-suite" time="0.258" failures="0" errors="0" skipped="0" tests="6">
  <properties>
[...]
</properties>
  <testcase time="0.062" name="MainRoutingFlowTest_1" classname="generic_mule_esb-test-suite"/>
  <testcase time="0.047" name="MainRoutingFlowTest_2" classname="generic_mule_esb-test-suite"/>
  <testcase time="0.047" name="MainRoutingFlowTest_3" classname="generic_mule_esb-test-suite"/>
  <testcase time="0.031" name="MainRoutingFlowTest_4" classname="generic_mule_esb-test-suite"/>
  <testcase time="0.043" name="SubFlowTest_1" classname="generic_mule_esb-test-suite"/>
  <testcase time="0.028" name="SubFlowTest_2" classname="generic_mule_esb-test-suite"/>
</testsuite>